  image_DXT.c
..\..\src\image_DXT.c(92): warning C4996: 'fopen': This function or variable may be unsafe. Consider using fopen_s instead. To disable deprecation, use _CRT_SECURE_NO_WARNINGS. See online help for details.
  C:\Program Files (x86)\Windows Kits\10\Include\10.0.10240.0\ucrt\stdio.h(205): note: voir la déclaration de 'fopen'
  image_helper.c
..\..\src\image_helper.c(325): warning C4244: 'initialisation' : conversion de 'double' en 'float', perte possible de données
..\..\src\image_helper.c(366): warning C4244: '=' : conversion de 'double' en 'float', perte possible de données
..\..\src\image_helper.c(373): warning C4244: '=' : conversion de 'float' en 'int', perte possible de données
..\..\src\image_helper.c(415): warning C4244: '=' : conversion de 'double' en 'float', perte possible de données
..\..\src\image_helper.c(422): warning C4244: '=' : conversion de 'float' en 'int', perte possible de données
  SOIL.c
..\..\src\SOIL.c(1719): warning C4018: '<=' : incompatibilité signed/unsigned
..\..\src\SOIL.c(1729): warning C4018: '<' : incompatibilité signed/unsigned
..\..\src\SOIL.c(1867): warning C4267: 'fonction' : conversion de 'size_t' en 'int', perte possible de données
..\..\src\SOIL.c(1841): warning C4996: 'fopen': This function or variable may be unsafe. Consider using fopen_s instead. To disable deprecation, use _CRT_SECURE_NO_WARNINGS. See online help for details.
  C:\Program Files (x86)\Windows Kits\10\Include\10.0.10240.0\ucrt\stdio.h(205): note: voir la déclaration de 'fopen'
  stb_image_aug.c
..\..\src\stb_image_aug.c(177): warning C4996: 'fopen': This function or variable may be unsafe. Consider using fopen_s instead. To disable deprecation, use _CRT_SECURE_NO_WARNINGS. See online help for details.
  C:\Program Files (x86)\Windows Kits\10\Include\10.0.10240.0\ucrt\stdio.h(205): note: voir la déclaration de 'fopen'
..\..\src\stb_image_aug.c(251): warning C4996: 'fopen': This function or variable may be unsafe. Consider using fopen_s instead. To disable deprecation, use _CRT_SECURE_NO_WARNINGS. See online help for details.
  C:\Program Files (x86)\Windows Kits\10\Include\10.0.10240.0\ucrt\stdio.h(205): note: voir la déclaration de 'fopen'
..\..\src\stb_image_aug.c(303): warning C4996: 'fopen': This function or variable may be unsafe. Consider using fopen_s instead. To disable deprecation, use _CRT_SECURE_NO_WARNINGS. See online help for details.
  C:\Program Files (x86)\Windows Kits\10\Include\10.0.10240.0\ucrt\stdio.h(205): note: voir la déclaration de 'fopen'
..\..\src\stb_image_aug.c(1557): warning C4996: 'fopen': This function or variable may be unsafe. Consider using fopen_s instead. To disable deprecation, use _CRT_SECURE_NO_WARNINGS. See online help for details.
  C:\Program Files (x86)\Windows Kits\10\Include\10.0.10240.0\ucrt\stdio.h(205): note: voir la déclaration de 'fopen'
..\..\src\stb_image_aug.c(2394): warning C4996: 'fopen': This function or variable may be unsafe. Consider using fopen_s instead. To disable deprecation, use _CRT_SECURE_NO_WARNINGS. See online help for details.
  C:\Program Files (x86)\Windows Kits\10\Include\10.0.10240.0\ucrt\stdio.h(205): note: voir la déclaration de 'fopen'
..\..\src\stb_image_aug.c(2709): warning C4996: 'fopen': This function or variable may be unsafe. Consider using fopen_s instead. To disable deprecation, use _CRT_SECURE_NO_WARNINGS. See online help for details.
  C:\Program Files (x86)\Windows Kits\10\Include\10.0.10240.0\ucrt\stdio.h(205): note: voir la déclaration de 'fopen'
..\..\src\stb_image_aug.c(2995): warning C4996: 'fopen': This function or variable may be unsafe. Consider using fopen_s instead. To disable deprecation, use _CRT_SECURE_NO_WARNINGS. See online help for details.
  C:\Program Files (x86)\Windows Kits\10\Include\10.0.10240.0\ucrt\stdio.h(205): note: voir la déclaration de 'fopen'
..\..\src\stb_image_aug.c(3209): warning C4996: 'fopen': This function or variable may be unsafe. Consider using fopen_s instead. To disable deprecation, use _CRT_SECURE_NO_WARNINGS. See online help for details.
  C:\Program Files (x86)\Windows Kits\10\Include\10.0.10240.0\ucrt\stdio.h(205): note: voir la déclaration de 'fopen'
..\..\src\stb_image_aug.c(3548): warning C4996: 'fopen': This function or variable may be unsafe. Consider using fopen_s instead. To disable deprecation, use _CRT_SECURE_NO_WARNINGS. See online help for details.
  C:\Program Files (x86)\Windows Kits\10\Include\10.0.10240.0\ucrt\stdio.h(205): note: voir la déclaration de 'fopen'
..\..\src\stb_image_aug.c(3644): warning C4996: 'fopen': This function or variable may be unsafe. Consider using fopen_s instead. To disable deprecation, use _CRT_SECURE_NO_WARNINGS. See online help for details.
  C:\Program Files (x86)\Windows Kits\10\Include\10.0.10240.0\ucrt\stdio.h(205): note: voir la déclaration de 'fopen'
c:\users\faboco\desktop\simple opengl image library\src\stbi_DDS_aug_c.h(362): warning C4018: '>' : incompatibilité signed/unsigned
c:\users\faboco\desktop\simple opengl image library\src\stbi_DDS_aug_c.h(366): warning C4018: '>' : incompatibilité signed/unsigned
c:\users\faboco\desktop\simple opengl image library\src\stbi_DDS_aug_c.h(390): warning C4018: '<' : incompatibilité signed/unsigned
c:\users\faboco\desktop\simple opengl image library\src\stbi_DDS_aug_c.h(427): warning C4018: '<' : incompatibilité signed/unsigned
c:\users\faboco\desktop\simple opengl image library\src\stbi_DDS_aug_c.h(498): warning C4996: 'fopen': This function or variable may be unsafe. Consider using fopen_s instead. To disable deprecation, use _CRT_SECURE_NO_WARNINGS. See online help for details.
  C:\Program Files (x86)\Windows Kits\10\Include\10.0.10240.0\ucrt\stdio.h(205): note: voir la déclaration de 'fopen'
  SOIL.vcxproj -> C:\Users\faboco\Desktop\Simple OpenGL Image Library\projects\VC9\x64\Release\SOIL.lib
